mode: set
github.com/omaqase/sato/payment/internal/config/config.go:45.30,47.16 2 0
github.com/omaqase/sato/payment/internal/config/config.go:47.16,49.3 1 0
github.com/omaqase/sato/payment/internal/config/config.go:51.2,51.67 1 0
github.com/omaqase/sato/payment/internal/config/config.go:51.67,53.3 1 0
github.com/omaqase/sato/payment/internal/config/config.go:55.2,56.52 2 0
github.com/omaqase/sato/payment/internal/config/config.go:56.52,58.3 1 0
github.com/omaqase/sato/payment/internal/config/config.go:60.2,61.18 2 0
github.com/omaqase/sato/payment/internal/config/config.go:61.18,63.3 1 0
github.com/omaqase/sato/payment/internal/config/config.go:65.2,66.16 2 0
github.com/omaqase/sato/payment/internal/config/config.go:66.16,68.3 1 0
github.com/omaqase/sato/payment/internal/config/config.go:70.2,70.20 1 0
github.com/omaqase/sato/payment/internal/config/config.go:70.20,72.3 1 0
github.com/omaqase/sato/payment/internal/config/config.go:74.2,76.18 2 0
github.com/omaqase/sato/payment/internal/config/config.go:79.47,82.2 1 0
github.com/omaqase/sato/payment/internal/config/config.go:84.44,86.2 1 0
github.com/omaqase/sato/payment/pkg/api/v1/payment/payment.pb.go:82.13,82.42 1 0
github.com/omaqase/sato/payment/pkg/api/v1/payment/payment.pb.go:83.32,84.31 1 0
github.com/omaqase/sato/payment/pkg/api/v1/payment/payment.pb.go:84.31,86.3 1 0
github.com/omaqase/sato/payment/pkg/api/v1/payment/payment.pb.go:87.2,104.34 7 0
github.com/omaqase/sato/payment/pkg/api/v1/payment/payment_grpc.pb.go:38.80,40.2 1 0
github.com/omaqase/sato/payment/pkg/api/v1/payment/payment_grpc.pb.go:42.159,46.16 4 0
github.com/omaqase/sato/payment/pkg/api/v1/payment/payment_grpc.pb.go:46.16,48.3 1 0
github.com/omaqase/sato/payment/pkg/api/v1/payment/payment_grpc.pb.go:49.2,49.17 1 0
github.com/omaqase/sato/payment/pkg/api/v1/payment/payment_grpc.pb.go:52.153,56.16 4 0
github.com/omaqase/sato/payment/pkg/api/v1/payment/payment_grpc.pb.go:56.16,58.3 1 0
github.com/omaqase/sato/payment/pkg/api/v1/payment/payment_grpc.pb.go:59.2,59.17 1 0
github.com/omaqase/sato/payment/pkg/api/v1/payment/payment_grpc.pb.go:77.137,79.2 1 0
github.com/omaqase/sato/payment/pkg/api/v1/payment/payment_grpc.pb.go:80.131,82.2 1 0
github.com/omaqase/sato/payment/pkg/api/v1/payment/payment_grpc.pb.go:83.65,83.66 0 0
github.com/omaqase/sato/payment/pkg/api/v1/payment/payment_grpc.pb.go:92.86,97.59 1 0
github.com/omaqase/sato/payment/pkg/api/v1/payment/payment_grpc.pb.go:97.59,99.3 1 0
github.com/omaqase/sato/payment/pkg/api/v1/payment/payment_grpc.pb.go:100.2,100.53 1 0
github.com/omaqase/sato/payment/pkg/api/v1/payment/payment_grpc.pb.go:103.176,105.32 2 0
github.com/omaqase/sato/payment/pkg/api/v1/payment/payment_grpc.pb.go:105.32,107.3 1 0
github.com/omaqase/sato/payment/pkg/api/v1/payment/payment_grpc.pb.go:108.2,108.24 1 0
github.com/omaqase/sato/payment/pkg/api/v1/payment/payment_grpc.pb.go:108.24,110.3 1 0
github.com/omaqase/sato/payment/pkg/api/v1/payment/payment_grpc.pb.go:111.2,115.77 2 0
github.com/omaqase/sato/payment/pkg/api/v1/payment/payment_grpc.pb.go:115.77,117.3 1 0
github.com/omaqase/sato/payment/pkg/api/v1/payment/payment_grpc.pb.go:118.2,118.44 1 0
github.com/omaqase/sato/payment/pkg/api/v1/payment/payment_grpc.pb.go:121.174,123.32 2 0
github.com/omaqase/sato/payment/pkg/api/v1/payment/payment_grpc.pb.go:123.32,125.3 1 0
github.com/omaqase/sato/payment/pkg/api/v1/payment/payment_grpc.pb.go:126.2,126.24 1 0
github.com/omaqase/sato/payment/pkg/api/v1/payment/payment_grpc.pb.go:126.24,128.3 1 0
github.com/omaqase/sato/payment/pkg/api/v1/payment/payment_grpc.pb.go:129.2,133.77 2 0
github.com/omaqase/sato/payment/pkg/api/v1/payment/payment_grpc.pb.go:133.77,135.3 1 0
github.com/omaqase/sato/payment/pkg/api/v1/payment/payment_grpc.pb.go:136.2,136.44 1 0
github.com/omaqase/sato/payment/pkg/api/v1/payment/payment_messages.pb.go:35.43,40.2 4 0
github.com/omaqase/sato/payment/pkg/api/v1/payment/payment_messages.pb.go:42.51,44.2 1 0
github.com/omaqase/sato/payment/pkg/api/v1/payment/payment_messages.pb.go:46.49,46.50 0 0
github.com/omaqase/sato/payment/pkg/api/v1/payment/payment_messages.pb.go:48.71,50.14 2 0
github.com/omaqase/sato/payment/pkg/api/v1/payment/payment_messages.pb.go:50.14,52.34 2 0
github.com/omaqase/sato/payment/pkg/api/v1/payment/payment_messages.pb.go:52.34,54.4 1 0
github.com/omaqase/sato/payment/pkg/api/v1/payment/payment_messages.pb.go:55.3,55.12 1 0
github.com/omaqase/sato/payment/pkg/api/v1/payment/payment_messages.pb.go:57.2,57.24 1 0
github.com/omaqase/sato/payment/pkg/api/v1/payment/payment_messages.pb.go:61.62,63.2 1 0
github.com/omaqase/sato/payment/pkg/api/v1/payment/payment_messages.pb.go:65.54,66.14 1 0
github.com/omaqase/sato/payment/pkg/api/v1/payment/payment_messages.pb.go:66.14,68.3 1 0
github.com/omaqase/sato/payment/pkg/api/v1/payment/payment_messages.pb.go:69.2,69.11 1 0
github.com/omaqase/sato/payment/pkg/api/v1/payment/payment_messages.pb.go:72.58,73.14 1 0
github.com/omaqase/sato/payment/pkg/api/v1/payment/payment_messages.pb.go:73.14,75.3 1 0
github.com/omaqase/sato/payment/pkg/api/v1/payment/payment_messages.pb.go:76.2,76.11 1 0
github.com/omaqase/sato/payment/pkg/api/v1/payment/payment_messages.pb.go:79.62,80.14 1 0
github.com/omaqase/sato/payment/pkg/api/v1/payment/payment_messages.pb.go:80.14,82.3 1 0
github.com/omaqase/sato/payment/pkg/api/v1/payment/payment_messages.pb.go:83.2,83.11 1 0
github.com/omaqase/sato/payment/pkg/api/v1/payment/payment_messages.pb.go:86.62,87.14 1 0
github.com/omaqase/sato/payment/pkg/api/v1/payment/payment_messages.pb.go:87.14,89.3 1 0
github.com/omaqase/sato/payment/pkg/api/v1/payment/payment_messages.pb.go:90.2,90.10 1 0
github.com/omaqase/sato/payment/pkg/api/v1/payment/payment_messages.pb.go:93.61,94.14 1 0
github.com/omaqase/sato/payment/pkg/api/v1/payment/payment_messages.pb.go:94.14,96.3 1 0
github.com/omaqase/sato/payment/pkg/api/v1/payment/payment_messages.pb.go:97.2,97.10 1 0
github.com/omaqase/sato/payment/pkg/api/v1/payment/payment_messages.pb.go:100.51,101.14 1 0
github.com/omaqase/sato/payment/pkg/api/v1/payment/payment_messages.pb.go:101.14,103.3 1 0
github.com/omaqase/sato/payment/pkg/api/v1/payment/payment_messages.pb.go:104.2,104.11 1 0
github.com/omaqase/sato/payment/pkg/api/v1/payment/payment_messages.pb.go:114.44,119.2 4 0
github.com/omaqase/sato/payment/pkg/api/v1/payment/payment_messages.pb.go:121.52,123.2 1 0
github.com/omaqase/sato/payment/pkg/api/v1/payment/payment_messages.pb.go:125.50,125.51 0 0
github.com/omaqase/sato/payment/pkg/api/v1/payment/payment_messages.pb.go:127.72,129.14 2 0
github.com/omaqase/sato/payment/pkg/api/v1/payment/payment_messages.pb.go:129.14,131.34 2 0
github.com/omaqase/sato/payment/pkg/api/v1/payment/payment_messages.pb.go:131.34,133.4 1 0
github.com/omaqase/sato/payment/pkg/api/v1/payment/payment_messages.pb.go:134.3,134.12 1 0
github.com/omaqase/sato/payment/pkg/api/v1/payment/payment_messages.pb.go:136.2,136.24 1 0
github.com/omaqase/sato/payment/pkg/api/v1/payment/payment_messages.pb.go:140.63,142.2 1 0
github.com/omaqase/sato/payment/pkg/api/v1/payment/payment_messages.pb.go:144.64,145.14 1 0
github.com/omaqase/sato/payment/pkg/api/v1/payment/payment_messages.pb.go:145.14,147.3 1 0
github.com/omaqase/sato/payment/pkg/api/v1/payment/payment_messages.pb.go:148.2,148.11 1 0
github.com/omaqase/sato/payment/pkg/api/v1/payment/payment_messages.pb.go:161.41,166.2 4 0
github.com/omaqase/sato/payment/pkg/api/v1/payment/payment_messages.pb.go:168.49,170.2 1 0
github.com/omaqase/sato/payment/pkg/api/v1/payment/payment_messages.pb.go:172.47,172.48 0 0
github.com/omaqase/sato/payment/pkg/api/v1/payment/payment_messages.pb.go:174.69,176.14 2 0
github.com/omaqase/sato/payment/pkg/api/v1/payment/payment_messages.pb.go:176.14,178.34 2 0
github.com/omaqase/sato/payment/pkg/api/v1/payment/payment_messages.pb.go:178.34,180.4 1 0
github.com/omaqase/sato/payment/pkg/api/v1/payment/payment_messages.pb.go:181.3,181.12 1 0
github.com/omaqase/sato/payment/pkg/api/v1/payment/payment_messages.pb.go:183.2,183.24 1 0
github.com/omaqase/sato/payment/pkg/api/v1/payment/payment_messages.pb.go:187.60,189.2 1 0
github.com/omaqase/sato/payment/pkg/api/v1/payment/payment_messages.pb.go:191.52,192.14 1 0
github.com/omaqase/sato/payment/pkg/api/v1/payment/payment_messages.pb.go:192.14,194.3 1 0
github.com/omaqase/sato/payment/pkg/api/v1/payment/payment_messages.pb.go:195.2,195.11 1 0
github.com/omaqase/sato/payment/pkg/api/v1/payment/payment_messages.pb.go:198.61,199.14 1 0
github.com/omaqase/sato/payment/pkg/api/v1/payment/payment_messages.pb.go:199.14,201.3 1 0
github.com/omaqase/sato/payment/pkg/api/v1/payment/payment_messages.pb.go:202.2,202.11 1 0
github.com/omaqase/sato/payment/pkg/api/v1/payment/payment_messages.pb.go:205.53,206.14 1 0
github.com/omaqase/sato/payment/pkg/api/v1/payment/payment_messages.pb.go:206.14,208.3 1 0
github.com/omaqase/sato/payment/pkg/api/v1/payment/payment_messages.pb.go:209.2,209.10 1 0
github.com/omaqase/sato/payment/pkg/api/v1/payment/payment_messages.pb.go:212.54,213.14 1 0
github.com/omaqase/sato/payment/pkg/api/v1/payment/payment_messages.pb.go:213.14,215.3 1 0
github.com/omaqase/sato/payment/pkg/api/v1/payment/payment_messages.pb.go:216.2,216.11 1 0
github.com/omaqase/sato/payment/pkg/api/v1/payment/payment_messages.pb.go:227.42,232.2 4 0
github.com/omaqase/sato/payment/pkg/api/v1/payment/payment_messages.pb.go:234.50,236.2 1 0
github.com/omaqase/sato/payment/pkg/api/v1/payment/payment_messages.pb.go:238.48,238.49 0 0
github.com/omaqase/sato/payment/pkg/api/v1/payment/payment_messages.pb.go:240.70,242.14 2 0
github.com/omaqase/sato/payment/pkg/api/v1/payment/payment_messages.pb.go:242.14,244.34 2 0
github.com/omaqase/sato/payment/pkg/api/v1/payment/payment_messages.pb.go:244.34,246.4 1 0
github.com/omaqase/sato/payment/pkg/api/v1/payment/payment_messages.pb.go:247.3,247.12 1 0
github.com/omaqase/sato/payment/pkg/api/v1/payment/payment_messages.pb.go:249.2,249.24 1 0
github.com/omaqase/sato/payment/pkg/api/v1/payment/payment_messages.pb.go:253.61,255.2 1 0
github.com/omaqase/sato/payment/pkg/api/v1/payment/payment_messages.pb.go:257.60,258.14 1 0
github.com/omaqase/sato/payment/pkg/api/v1/payment/payment_messages.pb.go:258.14,260.3 1 0
github.com/omaqase/sato/payment/pkg/api/v1/payment/payment_messages.pb.go:261.2,261.11 1 0
github.com/omaqase/sato/payment/pkg/api/v1/payment/payment_messages.pb.go:264.53,265.14 1 0
github.com/omaqase/sato/payment/pkg/api/v1/payment/payment_messages.pb.go:265.14,267.3 1 0
github.com/omaqase/sato/payment/pkg/api/v1/payment/payment_messages.pb.go:268.2,268.11 1 0
github.com/omaqase/sato/payment/pkg/api/v1/payment/payment_messages.pb.go:330.55,331.52 1 0
github.com/omaqase/sato/payment/pkg/api/v1/payment/payment_messages.pb.go:331.52,333.3 1 0
github.com/omaqase/sato/payment/pkg/api/v1/payment/payment_messages.pb.go:334.2,334.48 1 0
github.com/omaqase/sato/payment/pkg/api/v1/payment/payment_messages.pb.go:352.13,352.51 1 0
github.com/omaqase/sato/payment/pkg/api/v1/payment/payment_messages.pb.go:353.41,354.40 1 0
github.com/omaqase/sato/payment/pkg/api/v1/payment/payment_messages.pb.go:354.40,356.3 1 0
github.com/omaqase/sato/payment/pkg/api/v1/payment/payment_messages.pb.go:357.2,374.43 6 0
